<?xml version="1.0" encoding="UTF-8"?>
<!-- Generated by org.testng.reporters.JUnitReportReporter -->
<testsuite hostname="LAPTOP-O1SL2ERM" failures="0" tests="2" name="aug20.AdvanceReports" time="9.790" errors="0" timestamp="2024-08-21T21:50:50 IST" skipped="0">
  <testcase classname="aug20.AdvanceReports" name="secondTestCase" time="5.953"/>
  <system-out/>
  <testcase classname="aug20.AdvanceReports" name="firstTestcase" time="3.837"/>
  <system-out/>
</testsuite> <!-- aug20.AdvanceReports -->
