<?xml version="1.0" encoding="UTF-8"?>
<!-- Generated by org.testng.reporters.JUnitReportReporter -->
<testsuite hostname="LAPTOP-O1SL2ERM" failures="0" tests="2" name="aug19_PropertyFileLoadAndGetPorperty.Using_Propertyfile" time="33.393" errors="0" timestamp="2024-08-21T21:10:49 IST" skipped="0">
  <testcase classname="aug19_PropertyFileLoadAndGetPorperty.Using_Propertyfile" name="role_creation" time="14.503"/>
  <system-out/>
  <testcase classname="aug19_PropertyFileLoadAndGetPorperty.Using_Propertyfile" name="branch_creation" time="18.890"/>
  <system-out/>
</testsuite> <!-- aug19_PropertyFileLoadAndGetPorperty.Using_Propertyfile -->
